2025-06-18 14:15:32,972 — INFO — [✓] Saved: output2\ListofentitiesADCI_11072024_parsed.txt
2025-06-18 14:15:33,554 — INFO — [✓] Saved: output2\ListofnonbankADCat2EFFMC_11072024_parsed.txt
2025-06-18 14:15:35,494 — WARNING — Cannot set gray non-stroke color because /'P53' is an invalid float value
2025-06-18 14:15:35,495 — WARNING — Cannot set gray non-stroke color because /'P57' is an invalid float value
2025-06-18 14:15:35,495 — WARNING — Cannot set gray non-stroke color because /'P61' is an invalid float value
2025-06-18 14:15:35,495 — WARNING — Cannot set gray non-stroke color because /'P65' is an invalid float value
2025-06-18 14:15:35,498 — WARNING — Cannot set gray non-stroke color because /'P69' is an invalid float value
2025-06-18 14:15:35,499 — WARNING — Cannot set gray non-stroke color because /'P75' is an invalid float value
2025-06-18 14:15:35,500 — WARNING — Cannot set gray non-stroke color because /'P79' is an invalid float value
2025-06-18 14:15:35,500 — WARNING — Cannot set gray non-stroke color because /'P83' is an invalid float value
2025-06-18 14:15:35,501 — WARNING — Cannot set gray non-stroke color because /'P87' is an invalid float value
2025-06-18 14:15:35,501 — WARNING — Cannot set gray non-stroke color because /'P91' is an invalid float value
2025-06-18 14:15:37,433 — INFO — [✓] Saved: output2\Utkarsh30122022_parsed.txt
2025-06-18 14:17:29,015 — INFO — [✓] Saved: output2\ListofentitiesADCI_11072024_parsed.txt
2025-06-18 14:17:29,592 — INFO — [✓] Saved: output2\ListofnonbankADCat2EFFMC_11072024_parsed.txt
2025-06-18 14:17:31,144 — WARNING — Cannot set gray non-stroke color because /'P53' is an invalid float value
2025-06-18 14:17:31,144 — WARNING — Cannot set gray non-stroke color because /'P57' is an invalid float value
2025-06-18 14:17:31,145 — WARNING — Cannot set gray non-stroke color because /'P61' is an invalid float value
2025-06-18 14:17:31,145 — WARNING — Cannot set gray non-stroke color because /'P65' is an invalid float value
2025-06-18 14:17:31,146 — WARNING — Cannot set gray non-stroke color because /'P69' is an invalid float value
2025-06-18 14:17:31,147 — WARNING — Cannot set gray non-stroke color because /'P75' is an invalid float value
2025-06-18 14:17:31,148 — WARNING — Cannot set gray non-stroke color because /'P79' is an invalid float value
2025-06-18 14:17:31,148 — WARNING — Cannot set gray non-stroke color because /'P83' is an invalid float value
2025-06-18 14:17:31,149 — WARNING — Cannot set gray non-stroke color because /'P87' is an invalid float value
2025-06-18 14:17:31,149 — WARNING — Cannot set gray non-stroke color because /'P91' is an invalid float value
2025-06-18 14:17:33,133 — INFO — [✓] Saved: output2\Utkarsh30122022_parsed.txt
2025-06-18 14:49:02,896 — INFO — [✓] Saved: output2\ListofentitiesADCI_11072024_parsed.txt
2025-06-18 14:49:03,492 — INFO — [✓] Saved: output2\ListofnonbankADCat2EFFMC_11072024_parsed.txt
2025-06-18 14:49:05,129 — WARNING — Cannot set gray non-stroke color because /'P53' is an invalid float value
2025-06-18 14:49:05,129 — WARNING — Cannot set gray non-stroke color because /'P57' is an invalid float value
2025-06-18 14:49:05,130 — WARNING — Cannot set gray non-stroke color because /'P61' is an invalid float value
2025-06-18 14:49:05,130 — WARNING — Cannot set gray non-stroke color because /'P65' is an invalid float value
2025-06-18 14:49:05,130 — WARNING — Cannot set gray non-stroke color because /'P69' is an invalid float value
2025-06-18 14:49:05,131 — WARNING — Cannot set gray non-stroke color because /'P75' is an invalid float value
2025-06-18 14:49:05,132 — WARNING — Cannot set gray non-stroke color because /'P79' is an invalid float value
2025-06-18 14:49:05,133 — WARNING — Cannot set gray non-stroke color because /'P83' is an invalid float value
2025-06-18 14:49:05,133 — WARNING — Cannot set gray non-stroke color because /'P87' is an invalid float value
2025-06-18 14:49:05,133 — WARNING — Cannot set gray non-stroke color because /'P91' is an invalid float value
2025-06-18 14:49:07,180 — INFO — [✓] Saved: output2\Utkarsh30122022_parsed.txt
2025-06-18 15:12:12,045 — INFO — [✓] Saved: output2\ListofentitiesADCI_11072024_parsed.txt
2025-06-18 15:12:12,910 — INFO — [✓] Saved: output2\ListofnonbankADCat2EFFMC_11072024_parsed.txt
2025-06-18 15:12:15,072 — WARNING — Cannot set gray non-stroke color because /'P53' is an invalid float value
2025-06-18 15:12:15,072 — WARNING — Cannot set gray non-stroke color because /'P57' is an invalid float value
2025-06-18 15:12:15,073 — WARNING — Cannot set gray non-stroke color because /'P61' is an invalid float value
2025-06-18 15:12:15,073 — WARNING — Cannot set gray non-stroke color because /'P65' is an invalid float value
2025-06-18 15:12:15,074 — WARNING — Cannot set gray non-stroke color because /'P69' is an invalid float value
2025-06-18 15:12:15,076 — WARNING — Cannot set gray non-stroke color because /'P75' is an invalid float value
2025-06-18 15:12:15,076 — WARNING — Cannot set gray non-stroke color because /'P79' is an invalid float value
2025-06-18 15:12:15,077 — WARNING — Cannot set gray non-stroke color because /'P83' is an invalid float value
2025-06-18 15:12:15,078 — WARNING — Cannot set gray non-stroke color because /'P87' is an invalid float value
2025-06-18 15:12:15,078 — WARNING — Cannot set gray non-stroke color because /'P91' is an invalid float value
2025-06-18 15:12:17,803 — INFO — [✓] Saved: output2\Utkarsh30122022_parsed.txt
2025-06-18 15:18:06,049 — INFO — [✓] Saved: output2\ListofentitiesADCI_11072024_parsed.txt
2025-06-18 15:18:07,483 — INFO — [✓] Saved: output2\ListofnonbankADCat2EFFMC_11072024_parsed.txt
2025-06-18 15:18:10,740 — WARNING — Cannot set gray non-stroke color because /'P53' is an invalid float value
2025-06-18 15:18:10,741 — WARNING — Cannot set gray non-stroke color because /'P57' is an invalid float value
2025-06-18 15:18:10,743 — WARNING — Cannot set gray non-stroke color because /'P61' is an invalid float value
2025-06-18 15:18:10,744 — WARNING — Cannot set gray non-stroke color because /'P65' is an invalid float value
2025-06-18 15:18:10,744 — WARNING — Cannot set gray non-stroke color because /'P69' is an invalid float value
2025-06-18 15:18:10,748 — WARNING — Cannot set gray non-stroke color because /'P75' is an invalid float value
2025-06-18 15:18:10,749 — WARNING — Cannot set gray non-stroke color because /'P79' is an invalid float value
2025-06-18 15:18:10,750 — WARNING — Cannot set gray non-stroke color because /'P83' is an invalid float value
2025-06-18 15:18:10,751 — WARNING — Cannot set gray non-stroke color because /'P87' is an invalid float value
2025-06-18 15:18:10,752 — WARNING — Cannot set gray non-stroke color because /'P91' is an invalid float value
2025-06-18 15:18:15,032 — INFO — [✓] Saved: output2\Utkarsh30122022_parsed.txt
2025-06-18 15:18:37,786 — INFO — [✓] Saved: output2\ListofentitiesADCI_11072024_parsed.txt
2025-06-18 15:18:38,403 — INFO — [✓] Saved: output2\ListofnonbankADCat2EFFMC_11072024_parsed.txt
2025-06-18 15:18:40,155 — WARNING — Cannot set gray non-stroke color because /'P53' is an invalid float value
2025-06-18 15:18:40,156 — WARNING — Cannot set gray non-stroke color because /'P57' is an invalid float value
2025-06-18 15:18:40,156 — WARNING — Cannot set gray non-stroke color because /'P61' is an invalid float value
2025-06-18 15:18:40,156 — WARNING — Cannot set gray non-stroke color because /'P65' is an invalid float value
2025-06-18 15:18:40,157 — WARNING — Cannot set gray non-stroke color because /'P69' is an invalid float value
2025-06-18 15:18:40,158 — WARNING — Cannot set gray non-stroke color because /'P75' is an invalid float value
2025-06-18 15:18:40,159 — WARNING — Cannot set gray non-stroke color because /'P79' is an invalid float value
2025-06-18 15:18:40,160 — WARNING — Cannot set gray non-stroke color because /'P83' is an invalid float value
2025-06-18 15:18:40,160 — WARNING — Cannot set gray non-stroke color because /'P87' is an invalid float value
2025-06-18 15:18:40,160 — WARNING — Cannot set gray non-stroke color because /'P91' is an invalid float value
2025-06-18 15:18:42,784 — INFO — [✓] Saved: output2\Utkarsh30122022_parsed.txt
2025-06-18 15:25:29,035 — INFO — [✓] Saved: output2\ListofentitiesADCI_11072024_parsed.txt
2025-06-18 15:25:29,607 — INFO — [✓] Saved: output2\ListofnonbankADCat2EFFMC_11072024_parsed.txt
2025-06-18 15:25:31,092 — WARNING — Cannot set gray non-stroke color because /'P53' is an invalid float value
2025-06-18 15:25:31,092 — WARNING — Cannot set gray non-stroke color because /'P57' is an invalid float value
2025-06-18 15:25:31,093 — WARNING — Cannot set gray non-stroke color because /'P61' is an invalid float value
2025-06-18 15:25:31,093 — WARNING — Cannot set gray non-stroke color because /'P65' is an invalid float value
2025-06-18 15:25:31,093 — WARNING — Cannot set gray non-stroke color because /'P69' is an invalid float value
2025-06-18 15:25:31,094 — WARNING — Cannot set gray non-stroke color because /'P75' is an invalid float value
2025-06-18 15:25:31,095 — WARNING — Cannot set gray non-stroke color because /'P79' is an invalid float value
2025-06-18 15:25:31,095 — WARNING — Cannot set gray non-stroke color because /'P83' is an invalid float value
2025-06-18 15:25:31,096 — WARNING — Cannot set gray non-stroke color because /'P87' is an invalid float value
2025-06-18 15:25:31,096 — WARNING — Cannot set gray non-stroke color because /'P91' is an invalid float value
2025-06-18 15:25:33,031 — INFO — [✓] Saved: output2\Utkarsh30122022_parsed.txt
2025-06-18 15:32:03,271 — INFO — [✓] Saved: output2\ListofentitiesADCI_11072024_parsed.txt
2025-06-18 15:32:04,336 — INFO — [✓] Saved: output2\ListofnonbankADCat2EFFMC_11072024_parsed.txt
2025-06-18 15:32:06,731 — WARNING — Cannot set gray non-stroke color because /'P53' is an invalid float value
2025-06-18 15:32:06,732 — WARNING — Cannot set gray non-stroke color because /'P57' is an invalid float value
2025-06-18 15:32:06,733 — WARNING — Cannot set gray non-stroke color because /'P61' is an invalid float value
2025-06-18 15:32:06,734 — WARNING — Cannot set gray non-stroke color because /'P65' is an invalid float value
2025-06-18 15:32:06,734 — WARNING — Cannot set gray non-stroke color because /'P69' is an invalid float value
2025-06-18 15:32:06,738 — WARNING — Cannot set gray non-stroke color because /'P75' is an invalid float value
2025-06-18 15:32:06,739 — WARNING — Cannot set gray non-stroke color because /'P79' is an invalid float value
2025-06-18 15:32:06,740 — WARNING — Cannot set gray non-stroke color because /'P83' is an invalid float value
2025-06-18 15:32:06,741 — WARNING — Cannot set gray non-stroke color because /'P87' is an invalid float value
2025-06-18 15:32:06,741 — WARNING — Cannot set gray non-stroke color because /'P91' is an invalid float value
2025-06-18 15:32:09,763 — INFO — [✓] Saved: output2\Utkarsh30122022_parsed.txt
2025-06-18 15:57:00,565 — INFO — [✓] Saved: output2\ListofentitiesADCI_11072024_parsed.txt
2025-06-18 15:57:01,639 — INFO — [✓] Saved: output2\ListofnonbankADCat2EFFMC_11072024_parsed.txt
2025-06-18 15:57:05,175 — WARNING — Cannot set gray non-stroke color because /'P53' is an invalid float value
2025-06-18 15:57:05,176 — WARNING — Cannot set gray non-stroke color because /'P57' is an invalid float value
2025-06-18 15:57:05,178 — WARNING — Cannot set gray non-stroke color because /'P61' is an invalid float value
2025-06-18 15:57:05,178 — WARNING — Cannot set gray non-stroke color because /'P65' is an invalid float value
2025-06-18 15:57:05,178 — WARNING — Cannot set gray non-stroke color because /'P69' is an invalid float value
2025-06-18 15:57:05,181 — WARNING — Cannot set gray non-stroke color because /'P75' is an invalid float value
2025-06-18 15:57:05,182 — WARNING — Cannot set gray non-stroke color because /'P79' is an invalid float value
2025-06-18 15:57:05,183 — WARNING — Cannot set gray non-stroke color because /'P83' is an invalid float value
2025-06-18 15:57:05,183 — WARNING — Cannot set gray non-stroke color because /'P87' is an invalid float value
2025-06-18 15:57:05,184 — WARNING — Cannot set gray non-stroke color because /'P91' is an invalid float value
2025-06-18 15:57:09,616 — INFO — [✓] Saved: output2\Utkarsh30122022_parsed.txt
2025-06-18 15:58:11,978 — INFO — [✓] Saved: output2\ListofentitiesADCI_11072024_parsed.txt
2025-06-18 15:58:12,874 — INFO — [✓] Saved: output2\ListofnonbankADCat2EFFMC_11072024_parsed.txt
2025-06-18 15:58:15,449 — WARNING — Cannot set gray non-stroke color because /'P53' is an invalid float value
2025-06-18 15:58:15,449 — WARNING — Cannot set gray non-stroke color because /'P57' is an invalid float value
2025-06-18 15:58:15,450 — WARNING — Cannot set gray non-stroke color because /'P61' is an invalid float value
2025-06-18 15:58:15,450 — WARNING — Cannot set gray non-stroke color because /'P65' is an invalid float value
2025-06-18 15:58:15,451 — WARNING — Cannot set gray non-stroke color because /'P69' is an invalid float value
2025-06-18 15:58:15,453 — WARNING — Cannot set gray non-stroke color because /'P75' is an invalid float value
2025-06-18 15:58:15,453 — WARNING — Cannot set gray non-stroke color because /'P79' is an invalid float value
2025-06-18 15:58:15,454 — WARNING — Cannot set gray non-stroke color because /'P83' is an invalid float value
2025-06-18 15:58:15,454 — WARNING — Cannot set gray non-stroke color because /'P87' is an invalid float value
2025-06-18 15:58:15,454 — WARNING — Cannot set gray non-stroke color because /'P91' is an invalid float value
2025-06-18 15:58:18,658 — INFO — [✓] Saved: output2\Utkarsh30122022_parsed.txt
2025-06-18 16:01:26,255 — INFO — [✓] Saved: output2\ListofentitiesADCI_11072024_parsed.txt
2025-06-18 16:01:27,325 — INFO — [✓] Saved: output2\ListofnonbankADCat2EFFMC_11072024_parsed.txt
2025-06-18 16:01:29,599 — WARNING — Cannot set gray non-stroke color because /'P53' is an invalid float value
2025-06-18 16:01:29,600 — WARNING — Cannot set gray non-stroke color because /'P57' is an invalid float value
2025-06-18 16:01:29,601 — WARNING — Cannot set gray non-stroke color because /'P61' is an invalid float value
2025-06-18 16:01:29,602 — WARNING — Cannot set gray non-stroke color because /'P65' is an invalid float value
2025-06-18 16:01:29,602 — WARNING — Cannot set gray non-stroke color because /'P69' is an invalid float value
2025-06-18 16:01:29,605 — WARNING — Cannot set gray non-stroke color because /'P75' is an invalid float value
2025-06-18 16:01:29,605 — WARNING — Cannot set gray non-stroke color because /'P79' is an invalid float value
2025-06-18 16:01:29,607 — WARNING — Cannot set gray non-stroke color because /'P83' is an invalid float value
2025-06-18 16:01:29,607 — WARNING — Cannot set gray non-stroke color because /'P87' is an invalid float value
2025-06-18 16:01:29,608 — WARNING — Cannot set gray non-stroke color because /'P91' is an invalid float value
2025-06-18 16:01:32,778 — INFO — [✓] Saved: output2\Utkarsh30122022_parsed.txt
2025-06-18 18:19:11,864 — INFO — [✓] Saved: output2\ListofentitiesADCI_11072024_parsed.txt
2025-06-18 18:19:12,673 — INFO — [✓] Saved: output2\ListofnonbankADCat2EFFMC_11072024_parsed.txt
2025-06-18 18:19:16,975 — WARNING — Cannot set gray non-stroke color because /'P53' is an invalid float value
2025-06-18 18:19:16,976 — WARNING — Cannot set gray non-stroke color because /'P57' is an invalid float value
2025-06-18 18:19:16,977 — WARNING — Cannot set gray non-stroke color because /'P61' is an invalid float value
2025-06-18 18:19:16,977 — WARNING — Cannot set gray non-stroke color because /'P65' is an invalid float value
2025-06-18 18:19:16,977 — WARNING — Cannot set gray non-stroke color because /'P69' is an invalid float value
2025-06-18 18:19:16,979 — WARNING — Cannot set gray non-stroke color because /'P75' is an invalid float value
2025-06-18 18:19:16,979 — WARNING — Cannot set gray non-stroke color because /'P79' is an invalid float value
2025-06-18 18:19:16,980 — WARNING — Cannot set gray non-stroke color because /'P83' is an invalid float value
2025-06-18 18:19:16,981 — WARNING — Cannot set gray non-stroke color because /'P87' is an invalid float value
2025-06-18 18:19:16,981 — WARNING — Cannot set gray non-stroke color because /'P91' is an invalid float value
2025-06-18 18:19:19,655 — INFO — [✓] Saved: output2\Utkarsh30122022_parsed.txt
2025-06-18 18:43:44,970 — INFO — [✓] Saved: output2\ListofentitiesADCI_11072024_parsed.txt
2025-06-18 18:43:46,113 — INFO — [✓] Saved: output2\ListofnonbankADCat2EFFMC_11072024_parsed.txt
2025-06-18 18:43:48,904 — WARNING — Cannot set gray non-stroke color because /'P53' is an invalid float value
2025-06-18 18:43:48,905 — WARNING — Cannot set gray non-stroke color because /'P57' is an invalid float value
2025-06-18 18:43:48,906 — WARNING — Cannot set gray non-stroke color because /'P61' is an invalid float value
2025-06-18 18:43:48,906 — WARNING — Cannot set gray non-stroke color because /'P65' is an invalid float value
2025-06-18 18:43:48,907 — WARNING — Cannot set gray non-stroke color because /'P69' is an invalid float value
2025-06-18 18:43:48,910 — WARNING — Cannot set gray non-stroke color because /'P75' is an invalid float value
2025-06-18 18:43:48,911 — WARNING — Cannot set gray non-stroke color because /'P79' is an invalid float value
2025-06-18 18:43:48,913 — WARNING — Cannot set gray non-stroke color because /'P83' is an invalid float value
2025-06-18 18:43:48,914 — WARNING — Cannot set gray non-stroke color because /'P87' is an invalid float value
2025-06-18 18:43:48,914 — WARNING — Cannot set gray non-stroke color because /'P91' is an invalid float value
2025-06-18 18:43:52,802 — INFO — [✓] Saved: output2\Utkarsh30122022_parsed.txt
2025-06-19 11:28:19,048 — INFO — [✓] Saved: output2\ListofentitiesADCI_11072024_parsed.txt
2025-06-19 11:28:19,618 — INFO — [✓] Saved: output2\ListofnonbankADCat2EFFMC_11072024_parsed.txt
2025-06-19 11:28:21,231 — WARNING — Cannot set gray non-stroke color because /'P53' is an invalid float value
2025-06-19 11:28:21,232 — WARNING — Cannot set gray non-stroke color because /'P57' is an invalid float value
2025-06-19 11:28:21,232 — WARNING — Cannot set gray non-stroke color because /'P61' is an invalid float value
2025-06-19 11:28:21,232 — WARNING — Cannot set gray non-stroke color because /'P65' is an invalid float value
2025-06-19 11:28:21,233 — WARNING — Cannot set gray non-stroke color because /'P69' is an invalid float value
2025-06-19 11:28:21,234 — WARNING — Cannot set gray non-stroke color because /'P75' is an invalid float value
2025-06-19 11:28:21,234 — WARNING — Cannot set gray non-stroke color because /'P79' is an invalid float value
2025-06-19 11:28:21,235 — WARNING — Cannot set gray non-stroke color because /'P83' is an invalid float value
2025-06-19 11:28:21,235 — WARNING — Cannot set gray non-stroke color because /'P87' is an invalid float value
2025-06-19 11:28:21,235 — WARNING — Cannot set gray non-stroke color because /'P91' is an invalid float value
2025-06-19 11:28:23,177 — INFO — [✓] Saved: output2\Utkarsh30122022_parsed.txt
2025-06-19 12:22:41,231 — INFO — [✓] Saved: output2\ListofentitiesADCI_11072024_parsed.txt
2025-06-19 12:22:41,795 — INFO — [✓] Saved: output2\ListofnonbankADCat2EFFMC_11072024_parsed.txt
2025-06-19 12:22:43,258 — WARNING — Cannot set gray non-stroke color because /'P53' is an invalid float value
2025-06-19 12:22:43,258 — WARNING — Cannot set gray non-stroke color because /'P57' is an invalid float value
2025-06-19 12:22:43,258 — WARNING — Cannot set gray non-stroke color because /'P61' is an invalid float value
2025-06-19 12:22:43,259 — WARNING — Cannot set gray non-stroke color because /'P65' is an invalid float value
2025-06-19 12:22:43,259 — WARNING — Cannot set gray non-stroke color because /'P69' is an invalid float value
2025-06-19 12:22:43,260 — WARNING — Cannot set gray non-stroke color because /'P75' is an invalid float value
2025-06-19 12:22:43,261 — WARNING — Cannot set gray non-stroke color because /'P79' is an invalid float value
2025-06-19 12:22:43,261 — WARNING — Cannot set gray non-stroke color because /'P83' is an invalid float value
2025-06-19 12:22:43,261 — WARNING — Cannot set gray non-stroke color because /'P87' is an invalid float value
2025-06-19 12:22:43,262 — WARNING — Cannot set gray non-stroke color because /'P91' is an invalid float value
2025-06-19 12:22:45,203 — INFO — [✓] Saved: output2\Utkarsh30122022_parsed.txt
2025-06-19 12:28:50,464 — INFO — [✓] Saved: output2\ListofentitiesADCI_11072024_parsed.txt
2025-06-19 12:28:51,043 — INFO — [✓] Saved: output2\ListofnonbankADCat2EFFMC_11072024_parsed.txt
2025-06-19 12:28:52,591 — WARNING — Cannot set gray non-stroke color because /'P53' is an invalid float value
2025-06-19 12:28:52,592 — WARNING — Cannot set gray non-stroke color because /'P57' is an invalid float value
2025-06-19 12:28:52,592 — WARNING — Cannot set gray non-stroke color because /'P61' is an invalid float value
2025-06-19 12:28:52,593 — WARNING — Cannot set gray non-stroke color because /'P65' is an invalid float value
2025-06-19 12:28:52,593 — WARNING — Cannot set gray non-stroke color because /'P69' is an invalid float value
2025-06-19 12:28:52,594 — WARNING — Cannot set gray non-stroke color because /'P75' is an invalid float value
2025-06-19 12:28:52,595 — WARNING — Cannot set gray non-stroke color because /'P79' is an invalid float value
2025-06-19 12:28:52,595 — WARNING — Cannot set gray non-stroke color because /'P83' is an invalid float value
2025-06-19 12:28:52,596 — WARNING — Cannot set gray non-stroke color because /'P87' is an invalid float value
2025-06-19 12:28:52,596 — WARNING — Cannot set gray non-stroke color because /'P91' is an invalid float value
2025-06-19 12:28:54,615 — INFO — [✓] Saved: output2\Utkarsh30122022_parsed.txt
2025-06-19 12:30:35,901 — INFO — [✓] Saved: output2\ListofentitiesADCI_11072024_parsed.txt
2025-06-19 12:30:36,487 — INFO — [✓] Saved: output2\ListofnonbankADCat2EFFMC_11072024_parsed.txt
2025-06-19 12:30:37,947 — WARNING — Cannot set gray non-stroke color because /'P53' is an invalid float value
2025-06-19 12:30:37,947 — WARNING — Cannot set gray non-stroke color because /'P57' is an invalid float value
2025-06-19 12:30:37,948 — WARNING — Cannot set gray non-stroke color because /'P61' is an invalid float value
2025-06-19 12:30:37,948 — WARNING — Cannot set gray non-stroke color because /'P65' is an invalid float value
2025-06-19 12:30:37,949 — WARNING — Cannot set gray non-stroke color because /'P69' is an invalid float value
2025-06-19 12:30:37,950 — WARNING — Cannot set gray non-stroke color because /'P75' is an invalid float value
2025-06-19 12:30:37,950 — WARNING — Cannot set gray non-stroke color because /'P79' is an invalid float value
2025-06-19 12:30:37,951 — WARNING — Cannot set gray non-stroke color because /'P83' is an invalid float value
2025-06-19 12:30:37,952 — WARNING — Cannot set gray non-stroke color because /'P87' is an invalid float value
2025-06-19 12:30:37,952 — WARNING — Cannot set gray non-stroke color because /'P91' is an invalid float value
2025-06-19 12:30:39,915 — INFO — [✓] Saved: output2\Utkarsh30122022_parsed.txt
2025-06-19 12:36:49,671 — INFO — [✓] Saved: output2\ListofentitiesADCI_11072024_parsed.txt
2025-06-19 12:36:50,234 — INFO — [✓] Saved: output2\ListofnonbankADCat2EFFMC_11072024_parsed.txt
2025-06-19 12:36:51,699 — WARNING — Cannot set gray non-stroke color because /'P53' is an invalid float value
2025-06-19 12:36:51,699 — WARNING — Cannot set gray non-stroke color because /'P57' is an invalid float value
2025-06-19 12:36:51,700 — WARNING — Cannot set gray non-stroke color because /'P61' is an invalid float value
2025-06-19 12:36:51,700 — WARNING — Cannot set gray non-stroke color because /'P65' is an invalid float value
2025-06-19 12:36:51,700 — WARNING — Cannot set gray non-stroke color because /'P69' is an invalid float value
2025-06-19 12:36:51,701 — WARNING — Cannot set gray non-stroke color because /'P75' is an invalid float value
2025-06-19 12:36:51,702 — WARNING — Cannot set gray non-stroke color because /'P79' is an invalid float value
2025-06-19 12:36:51,702 — WARNING — Cannot set gray non-stroke color because /'P83' is an invalid float value
2025-06-19 12:36:51,703 — WARNING — Cannot set gray non-stroke color because /'P87' is an invalid float value
2025-06-19 12:36:51,703 — WARNING — Cannot set gray non-stroke color because /'P91' is an invalid float value
2025-06-19 12:36:53,635 — INFO — [✓] Saved: output2\Utkarsh30122022_parsed.txt
2025-06-19 13:16:39,914 — INFO — [✓] Saved: output2\ListofentitiesADCI_11072024_parsed.txt
2025-06-19 13:16:40,489 — INFO — [✓] Saved: output2\ListofnonbankADCat2EFFMC_11072024_parsed.txt
2025-06-19 13:16:41,952 — WARNING — Cannot set gray non-stroke color because /'P53' is an invalid float value
2025-06-19 13:16:41,952 — WARNING — Cannot set gray non-stroke color because /'P57' is an invalid float value
2025-06-19 13:16:41,953 — WARNING — Cannot set gray non-stroke color because /'P61' is an invalid float value
2025-06-19 13:16:41,953 — WARNING — Cannot set gray non-stroke color because /'P65' is an invalid float value
2025-06-19 13:16:41,953 — WARNING — Cannot set gray non-stroke color because /'P69' is an invalid float value
2025-06-19 13:16:41,954 — WARNING — Cannot set gray non-stroke color because /'P75' is an invalid float value
2025-06-19 13:16:41,955 — WARNING — Cannot set gray non-stroke color because /'P79' is an invalid float value
2025-06-19 13:16:41,955 — WARNING — Cannot set gray non-stroke color because /'P83' is an invalid float value
2025-06-19 13:16:41,956 — WARNING — Cannot set gray non-stroke color because /'P87' is an invalid float value
2025-06-19 13:16:41,956 — WARNING — Cannot set gray non-stroke color because /'P91' is an invalid float value
2025-06-19 13:16:43,883 — INFO — [✓] Saved: output2\Utkarsh30122022_parsed.txt
2025-06-19 14:04:43,914 — INFO — [✓] Saved: output2\ListofentitiesADCI_11072024_parsed.txt
2025-06-19 14:04:44,496 — INFO — [✓] Saved: output2\ListofnonbankADCat2EFFMC_11072024_parsed.txt
2025-06-19 14:04:46,132 — WARNING — Cannot set gray non-stroke color because /'P53' is an invalid float value
2025-06-19 14:04:46,133 — WARNING — Cannot set gray non-stroke color because /'P57' is an invalid float value
2025-06-19 14:04:46,133 — WARNING — Cannot set gray non-stroke color because /'P61' is an invalid float value
2025-06-19 14:04:46,133 — WARNING — Cannot set gray non-stroke color because /'P65' is an invalid float value
2025-06-19 14:04:46,133 — WARNING — Cannot set gray non-stroke color because /'P69' is an invalid float value
2025-06-19 14:04:46,135 — WARNING — Cannot set gray non-stroke color because /'P75' is an invalid float value
2025-06-19 14:04:46,135 — WARNING — Cannot set gray non-stroke color because /'P79' is an invalid float value
2025-06-19 14:04:46,136 — WARNING — Cannot set gray non-stroke color because /'P83' is an invalid float value
2025-06-19 14:04:46,136 — WARNING — Cannot set gray non-stroke color because /'P87' is an invalid float value
2025-06-19 14:04:46,136 — WARNING — Cannot set gray non-stroke color because /'P91' is an invalid float value
2025-06-19 14:04:48,157 — INFO — [✓] Saved: output2\Utkarsh30122022_parsed.txt
2025-06-19 14:28:56,680 — INFO — [✓] Saved: output2\ListofentitiesADCI_11072024_parsed.txt
2025-06-19 14:28:57,280 — INFO — [✓] Saved: output2\ListofnonbankADCat2EFFMC_11072024_parsed.txt
2025-06-19 14:28:58,823 — WARNING — Cannot set gray non-stroke color because /'P53' is an invalid float value
2025-06-19 14:28:58,823 — WARNING — Cannot set gray non-stroke color because /'P57' is an invalid float value
2025-06-19 14:28:58,824 — WARNING — Cannot set gray non-stroke color because /'P61' is an invalid float value
2025-06-19 14:28:58,824 — WARNING — Cannot set gray non-stroke color because /'P65' is an invalid float value
2025-06-19 14:28:58,824 — WARNING — Cannot set gray non-stroke color because /'P69' is an invalid float value
2025-06-19 14:28:58,825 — WARNING — Cannot set gray non-stroke color because /'P75' is an invalid float value
2025-06-19 14:28:58,826 — WARNING — Cannot set gray non-stroke color because /'P79' is an invalid float value
2025-06-19 14:28:58,826 — WARNING — Cannot set gray non-stroke color because /'P83' is an invalid float value
2025-06-19 14:28:58,827 — WARNING — Cannot set gray non-stroke color because /'P87' is an invalid float value
2025-06-19 14:28:58,827 — WARNING — Cannot set gray non-stroke color because /'P91' is an invalid float value
2025-06-19 14:29:00,823 — INFO — [✓] Saved: output2\Utkarsh30122022_parsed.txt
2025-06-19 15:19:36,195 — INFO — Saved: output2\ListofentitiesADCI_11072024_parsed.txt
2025-06-19 15:19:36,762 — INFO — Saved: output2\ListofnonbankADCat2EFFMC_11072024_parsed.txt
2025-06-19 15:19:38,232 — WARNING — Cannot set gray non-stroke color because /'P53' is an invalid float value
2025-06-19 15:19:38,233 — WARNING — Cannot set gray non-stroke color because /'P57' is an invalid float value
2025-06-19 15:19:38,233 — WARNING — Cannot set gray non-stroke color because /'P61' is an invalid float value
2025-06-19 15:19:38,233 — WARNING — Cannot set gray non-stroke color because /'P65' is an invalid float value
2025-06-19 15:19:38,234 — WARNING — Cannot set gray non-stroke color because /'P69' is an invalid float value
2025-06-19 15:19:38,235 — WARNING — Cannot set gray non-stroke color because /'P75' is an invalid float value
2025-06-19 15:19:38,235 — WARNING — Cannot set gray non-stroke color because /'P79' is an invalid float value
2025-06-19 15:19:38,236 — WARNING — Cannot set gray non-stroke color because /'P83' is an invalid float value
2025-06-19 15:19:38,236 — WARNING — Cannot set gray non-stroke color because /'P87' is an invalid float value
2025-06-19 15:19:38,237 — WARNING — Cannot set gray non-stroke color because /'P91' is an invalid float value
2025-06-19 15:19:40,192 — INFO — Saved: output2\Utkarsh30122022_parsed.txt
2025-06-19 15:31:22,431 — INFO — Saved: output2\ListofentitiesADCI_11072024_parsed.txt
2025-06-19 15:31:23,120 — INFO — Saved: output2\ListofnonbankADCat2EFFMC_11072024_parsed.txt
2025-06-19 15:31:24,851 — WARNING — Cannot set gray non-stroke color because /'P53' is an invalid float value
2025-06-19 15:31:24,852 — WARNING — Cannot set gray non-stroke color because /'P57' is an invalid float value
2025-06-19 15:31:24,852 — WARNING — Cannot set gray non-stroke color because /'P61' is an invalid float value
2025-06-19 15:31:24,853 — WARNING — Cannot set gray non-stroke color because /'P65' is an invalid float value
2025-06-19 15:31:24,853 — WARNING — Cannot set gray non-stroke color because /'P69' is an invalid float value
2025-06-19 15:31:24,854 — WARNING — Cannot set gray non-stroke color because /'P75' is an invalid float value
2025-06-19 15:31:24,855 — WARNING — Cannot set gray non-stroke color because /'P79' is an invalid float value
2025-06-19 15:31:24,855 — WARNING — Cannot set gray non-stroke color because /'P83' is an invalid float value
2025-06-19 15:31:24,856 — WARNING — Cannot set gray non-stroke color because /'P87' is an invalid float value
2025-06-19 15:31:24,856 — WARNING — Cannot set gray non-stroke color because /'P91' is an invalid float value
2025-06-19 15:31:27,039 — INFO — Saved: output2\Utkarsh30122022_parsed.txt
2025-06-24 11:55:02,880 — INFO — Saved: output2\ListofentitiesADCI_11072024_parsed.txt
2025-06-24 11:55:03,516 — INFO — Saved: output2\ListofnonbankADCat2EFFMC_11072024_parsed.txt
2025-06-24 11:55:05,471 — WARNING — Cannot set gray non-stroke color because /'P53' is an invalid float value
2025-06-24 11:55:05,472 — WARNING — Cannot set gray non-stroke color because /'P57' is an invalid float value
2025-06-24 11:55:05,472 — WARNING — Cannot set gray non-stroke color because /'P61' is an invalid float value
2025-06-24 11:55:05,473 — WARNING — Cannot set gray non-stroke color because /'P65' is an invalid float value
2025-06-24 11:55:05,473 — WARNING — Cannot set gray non-stroke color because /'P69' is an invalid float value
2025-06-24 11:55:05,474 — WARNING — Cannot set gray non-stroke color because /'P75' is an invalid float value
2025-06-24 11:55:05,475 — WARNING — Cannot set gray non-stroke color because /'P79' is an invalid float value
2025-06-24 11:55:05,475 — WARNING — Cannot set gray non-stroke color because /'P83' is an invalid float value
2025-06-24 11:55:05,476 — WARNING — Cannot set gray non-stroke color because /'P87' is an invalid float value
2025-06-24 11:55:05,476 — WARNING — Cannot set gray non-stroke color because /'P91' is an invalid float value
2025-06-24 11:55:07,617 — INFO — Saved: output2\Utkarsh30122022_parsed.txt
2025-06-24 15:58:21,567 — INFO — Saved: output2\A2016-31_parsed.txt
2025-06-24 15:58:21,775 — INFO — Saved: output2\downloaded_file_1_parsed.txt
2025-06-24 15:58:46,201 — INFO — Saved: output2\H2016-31_parsed.txt
2025-06-24 15:58:46,587 — INFO — Saved: output2\userGuide_parsed.txt
2025-06-24 16:29:14,689 — INFO — Saved: output2\A2016-31_parsed.txt
2025-06-24 16:29:14,750 — INFO — Saved: output2\downloaded_file_1_parsed.txt
2025-06-24 16:29:27,942 — INFO — Saved: output2\H2016-31_parsed.txt
2025-06-24 16:29:28,299 — INFO — Saved: output2\userGuide_parsed.txt
2025-06-26 11:31:57,020 — INFO — Saved: output2\ListofentitiesADCI_11072024_parsed.txt
2025-06-26 11:31:57,582 — INFO — Saved: output2\ListofnonbankADCat2EFFMC_11072024_parsed.txt
2025-06-26 11:31:59,634 — WARNING — Cannot set gray non-stroke color because /'P53' is an invalid float value
2025-06-26 11:31:59,634 — WARNING — Cannot set gray non-stroke color because /'P57' is an invalid float value
2025-06-26 11:31:59,635 — WARNING — Cannot set gray non-stroke color because /'P61' is an invalid float value
2025-06-26 11:31:59,635 — WARNING — Cannot set gray non-stroke color because /'P65' is an invalid float value
2025-06-26 11:31:59,635 — WARNING — Cannot set gray non-stroke color because /'P69' is an invalid float value
2025-06-26 11:31:59,637 — WARNING — Cannot set gray non-stroke color because /'P75' is an invalid float value
2025-06-26 11:31:59,637 — WARNING — Cannot set gray non-stroke color because /'P79' is an invalid float value
2025-06-26 11:31:59,638 — WARNING — Cannot set gray non-stroke color because /'P83' is an invalid float value
2025-06-26 11:31:59,638 — WARNING — Cannot set gray non-stroke color because /'P87' is an invalid float value
2025-06-26 11:31:59,638 — WARNING — Cannot set gray non-stroke color because /'P91' is an invalid float value
2025-06-26 11:32:01,651 — INFO — Saved: output2\Utkarsh30122022_parsed.txt
2025-06-26 13:05:48,315 — INFO — Saved: output2\ListofentitiesADCI_11072024_parsed.txt
2025-06-26 13:05:48,921 — INFO — Saved: output2\ListofnonbankADCat2EFFMC_11072024_parsed.txt
2025-06-26 13:05:50,486 — WARNING — Cannot set gray non-stroke color because /'P53' is an invalid float value
2025-06-26 13:05:50,486 — WARNING — Cannot set gray non-stroke color because /'P57' is an invalid float value
2025-06-26 13:05:50,487 — WARNING — Cannot set gray non-stroke color because /'P61' is an invalid float value
2025-06-26 13:05:50,487 — WARNING — Cannot set gray non-stroke color because /'P65' is an invalid float value
2025-06-26 13:05:50,487 — WARNING — Cannot set gray non-stroke color because /'P69' is an invalid float value
2025-06-26 13:05:50,488 — WARNING — Cannot set gray non-stroke color because /'P75' is an invalid float value
2025-06-26 13:05:50,489 — WARNING — Cannot set gray non-stroke color because /'P79' is an invalid float value
2025-06-26 13:05:50,489 — WARNING — Cannot set gray non-stroke color because /'P83' is an invalid float value
2025-06-26 13:05:50,490 — WARNING — Cannot set gray non-stroke color because /'P87' is an invalid float value
2025-06-26 13:05:50,490 — WARNING — Cannot set gray non-stroke color because /'P91' is an invalid float value
2025-06-26 13:05:52,479 — INFO — Saved: output2\Utkarsh30122022_parsed.txt
2025-06-26 15:08:57,469 — INFO — Saved: output2\ListofentitiesADCI_11072024_parsed.txt
2025-06-26 15:08:58,496 — INFO — Saved: output2\ListofnonbankADCat2EFFMC_11072024_parsed.txt
2025-06-26 15:09:01,116 — WARNING — Cannot set gray non-stroke color because /'P53' is an invalid float value
2025-06-26 15:09:01,116 — WARNING — Cannot set gray non-stroke color because /'P57' is an invalid float value
2025-06-26 15:09:01,117 — WARNING — Cannot set gray non-stroke color because /'P61' is an invalid float value
2025-06-26 15:09:01,117 — WARNING — Cannot set gray non-stroke color because /'P65' is an invalid float value
2025-06-26 15:09:01,118 — WARNING — Cannot set gray non-stroke color because /'P69' is an invalid float value
2025-06-26 15:09:01,120 — WARNING — Cannot set gray non-stroke color because /'P75' is an invalid float value
2025-06-26 15:09:01,121 — WARNING — Cannot set gray non-stroke color because /'P79' is an invalid float value
2025-06-26 15:09:01,122 — WARNING — Cannot set gray non-stroke color because /'P83' is an invalid float value
2025-06-26 15:09:01,123 — WARNING — Cannot set gray non-stroke color because /'P87' is an invalid float value
2025-06-26 15:09:01,123 — WARNING — Cannot set gray non-stroke color because /'P91' is an invalid float value
2025-06-26 15:09:04,183 — INFO — Saved: output2\Utkarsh30122022_parsed.txt
2025-06-30 14:46:27,681 — INFO — Saved: output2\ListofentitiesADCI_11072024_parsed.txt
2025-06-30 14:46:29,031 — INFO — Saved: output2\ListofnonbankADCat2EFFMC_11072024_parsed.txt
2025-06-30 14:46:31,303 — WARNING — Cannot set gray non-stroke color because /'P53' is an invalid float value
2025-06-30 14:46:31,304 — WARNING — Cannot set gray non-stroke color because /'P57' is an invalid float value
2025-06-30 14:46:31,305 — WARNING — Cannot set gray non-stroke color because /'P61' is an invalid float value
2025-06-30 14:46:31,305 — WARNING — Cannot set gray non-stroke color because /'P65' is an invalid float value
2025-06-30 14:46:31,305 — WARNING — Cannot set gray non-stroke color because /'P69' is an invalid float value
2025-06-30 14:46:31,307 — WARNING — Cannot set gray non-stroke color because /'P75' is an invalid float value
2025-06-30 14:46:31,307 — WARNING — Cannot set gray non-stroke color because /'P79' is an invalid float value
2025-06-30 14:46:31,308 — WARNING — Cannot set gray non-stroke color because /'P83' is an invalid float value
2025-06-30 14:46:31,308 — WARNING — Cannot set gray non-stroke color because /'P87' is an invalid float value
2025-06-30 14:46:31,309 — WARNING — Cannot set gray non-stroke color because /'P91' is an invalid float value
2025-06-30 14:46:33,616 — INFO — Saved: output2\Utkarsh30122022_parsed.txt
2025-07-01 15:50:46,296 — INFO — Saved: output2\ListofentitiesADCI_11072024_parsed.txt
2025-07-01 15:50:48,341 — INFO — Saved: output2\ListofnonbankADCat2EFFMC_11072024_parsed.txt
2025-07-01 15:50:56,219 — WARNING — Cannot set gray non-stroke color because /'P53' is an invalid float value
2025-07-01 15:50:56,223 — WARNING — Cannot set gray non-stroke color because /'P57' is an invalid float value
2025-07-01 15:50:56,225 — WARNING — Cannot set gray non-stroke color because /'P61' is an invalid float value
2025-07-01 15:50:56,227 — WARNING — Cannot set gray non-stroke color because /'P65' is an invalid float value
2025-07-01 15:50:56,228 — WARNING — Cannot set gray non-stroke color because /'P69' is an invalid float value
2025-07-01 15:50:56,235 — WARNING — Cannot set gray non-stroke color because /'P75' is an invalid float value
2025-07-01 15:50:56,237 — WARNING — Cannot set gray non-stroke color because /'P79' is an invalid float value
2025-07-01 15:50:56,242 — WARNING — Cannot set gray non-stroke color because /'P83' is an invalid float value
2025-07-01 15:50:56,244 — WARNING — Cannot set gray non-stroke color because /'P87' is an invalid float value
2025-07-01 15:50:56,246 — WARNING — Cannot set gray non-stroke color because /'P91' is an invalid float value
2025-07-01 15:51:02,638 — INFO — Saved: output2\Utkarsh30122022_parsed.txt
2025-07-02 10:37:32,354 — INFO — Saved: output2\ListofentitiesADCI_11072024_parsed.txt
2025-07-02 10:37:34,480 — INFO — Saved: output2\ListofnonbankADCat2EFFMC_11072024_parsed.txt
2025-07-02 10:37:41,235 — WARNING — Cannot set gray non-stroke color because /'P53' is an invalid float value
2025-07-02 10:37:41,236 — WARNING — Cannot set gray non-stroke color because /'P57' is an invalid float value
2025-07-02 10:37:41,238 — WARNING — Cannot set gray non-stroke color because /'P61' is an invalid float value
2025-07-02 10:37:41,239 — WARNING — Cannot set gray non-stroke color because /'P65' is an invalid float value
2025-07-02 10:37:41,240 — WARNING — Cannot set gray non-stroke color because /'P69' is an invalid float value
2025-07-02 10:37:41,244 — WARNING — Cannot set gray non-stroke color because /'P75' is an invalid float value
2025-07-02 10:37:41,246 — WARNING — Cannot set gray non-stroke color because /'P79' is an invalid float value
2025-07-02 10:37:41,249 — WARNING — Cannot set gray non-stroke color because /'P83' is an invalid float value
2025-07-02 10:37:41,250 — WARNING — Cannot set gray non-stroke color because /'P87' is an invalid float value
2025-07-02 10:37:41,251 — WARNING — Cannot set gray non-stroke color because /'P91' is an invalid float value
2025-07-02 10:37:46,743 — INFO — Saved: output2\Utkarsh30122022_parsed.txt
2025-07-02 10:46:42,397 — INFO — Saved: output2\ListofentitiesADCI_11072024_parsed.txt
2025-07-02 10:46:44,632 — INFO — Saved: output2\ListofnonbankADCat2EFFMC_11072024_parsed.txt
2025-07-02 10:46:47,444 — WARNING — Cannot set gray non-stroke color because /'P53' is an invalid float value
2025-07-02 10:46:47,444 — WARNING — Cannot set gray non-stroke color because /'P57' is an invalid float value
2025-07-02 10:46:47,445 — WARNING — Cannot set gray non-stroke color because /'P61' is an invalid float value
2025-07-02 10:46:47,445 — WARNING — Cannot set gray non-stroke color because /'P65' is an invalid float value
2025-07-02 10:46:47,445 — WARNING — Cannot set gray non-stroke color because /'P69' is an invalid float value
2025-07-02 10:46:47,447 — WARNING — Cannot set gray non-stroke color because /'P75' is an invalid float value
2025-07-02 10:46:47,447 — WARNING — Cannot set gray non-stroke color because /'P79' is an invalid float value
2025-07-02 10:46:47,448 — WARNING — Cannot set gray non-stroke color because /'P83' is an invalid float value
2025-07-02 10:46:47,448 — WARNING — Cannot set gray non-stroke color because /'P87' is an invalid float value
2025-07-02 10:46:47,449 — WARNING — Cannot set gray non-stroke color because /'P91' is an invalid float value
2025-07-02 10:46:53,200 — INFO — Saved: output2\Utkarsh30122022_parsed.txt
2025-07-02 12:20:49,589 — INFO — Saved: output2\ListofentitiesADCI_11072024_parsed.txt
2025-07-02 12:20:52,348 — INFO — Saved: output2\ListofnonbankADCat2EFFMC_11072024_parsed.txt
2025-07-02 12:20:55,725 — WARNING — Cannot set gray non-stroke color because /'P53' is an invalid float value
2025-07-02 12:20:55,727 — WARNING — Cannot set gray non-stroke color because /'P57' is an invalid float value
2025-07-02 12:20:55,730 — WARNING — Cannot set gray non-stroke color because /'P61' is an invalid float value
2025-07-02 12:20:55,732 — WARNING — Cannot set gray non-stroke color because /'P65' is an invalid float value
2025-07-02 12:20:55,733 — WARNING — Cannot set gray non-stroke color because /'P69' is an invalid float value
2025-07-02 12:20:55,740 — WARNING — Cannot set gray non-stroke color because /'P75' is an invalid float value
2025-07-02 12:20:55,742 — WARNING — Cannot set gray non-stroke color because /'P79' is an invalid float value
2025-07-02 12:20:55,745 — WARNING — Cannot set gray non-stroke color because /'P83' is an invalid float value
2025-07-02 12:20:55,747 — WARNING — Cannot set gray non-stroke color because /'P87' is an invalid float value
2025-07-02 12:20:55,749 — WARNING — Cannot set gray non-stroke color because /'P91' is an invalid float value
2025-07-02 12:21:02,430 — INFO — Saved: output2\Utkarsh30122022_parsed.txt
2025-07-02 12:45:48,042 — INFO — Saved: output2\ListofentitiesADCI_11072024_parsed.txt
2025-07-02 12:45:49,912 — INFO — Saved: output2\ListofnonbankADCat2EFFMC_11072024_parsed.txt
2025-07-02 12:45:52,750 — WARNING — Cannot set gray non-stroke color because /'P53' is an invalid float value
2025-07-02 12:45:52,750 — WARNING — Cannot set gray non-stroke color because /'P57' is an invalid float value
2025-07-02 12:45:52,751 — WARNING — Cannot set gray non-stroke color because /'P61' is an invalid float value
2025-07-02 12:45:52,751 — WARNING — Cannot set gray non-stroke color because /'P65' is an invalid float value
2025-07-02 12:45:52,751 — WARNING — Cannot set gray non-stroke color because /'P69' is an invalid float value
2025-07-02 12:45:52,753 — WARNING — Cannot set gray non-stroke color because /'P75' is an invalid float value
2025-07-02 12:45:52,754 — WARNING — Cannot set gray non-stroke color because /'P79' is an invalid float value
2025-07-02 12:45:52,754 — WARNING — Cannot set gray non-stroke color because /'P83' is an invalid float value
2025-07-02 12:45:52,755 — WARNING — Cannot set gray non-stroke color because /'P87' is an invalid float value
2025-07-02 12:45:52,755 — WARNING — Cannot set gray non-stroke color because /'P91' is an invalid float value
2025-07-02 12:45:56,424 — INFO — Saved: output2\Utkarsh30122022_parsed.txt
2025-07-02 13:19:15,216 — INFO — Saved: output2\ListofentitiesADCI_11072024_parsed.txt
2025-07-02 13:19:17,509 — INFO — Saved: output2\ListofnonbankADCat2EFFMC_11072024_parsed.txt
2025-07-02 13:19:20,285 — WARNING — Cannot set gray non-stroke color because /'P53' is an invalid float value
2025-07-02 13:19:20,286 — WARNING — Cannot set gray non-stroke color because /'P57' is an invalid float value
2025-07-02 13:19:20,286 — WARNING — Cannot set gray non-stroke color because /'P61' is an invalid float value
2025-07-02 13:19:20,286 — WARNING — Cannot set gray non-stroke color because /'P65' is an invalid float value
2025-07-02 13:19:20,287 — WARNING — Cannot set gray non-stroke color because /'P69' is an invalid float value
2025-07-02 13:19:20,288 — WARNING — Cannot set gray non-stroke color because /'P75' is an invalid float value
2025-07-02 13:19:20,288 — WARNING — Cannot set gray non-stroke color because /'P79' is an invalid float value
2025-07-02 13:19:20,289 — WARNING — Cannot set gray non-stroke color because /'P83' is an invalid float value
2025-07-02 13:19:20,289 — WARNING — Cannot set gray non-stroke color because /'P87' is an invalid float value
2025-07-02 13:19:20,290 — WARNING — Cannot set gray non-stroke color because /'P91' is an invalid float value
2025-07-02 13:19:25,190 — INFO — Saved: output2\Utkarsh30122022_parsed.txt
2025-07-02 13:21:43,129 — INFO — Saved: output2\ListofentitiesADCI_11072024_parsed.txt
2025-07-02 13:21:45,663 — INFO — Saved: output2\ListofnonbankADCat2EFFMC_11072024_parsed.txt
2025-07-02 13:21:48,039 — WARNING — Cannot set gray non-stroke color because /'P53' is an invalid float value
2025-07-02 13:21:48,040 — WARNING — Cannot set gray non-stroke color because /'P57' is an invalid float value
2025-07-02 13:21:48,041 — WARNING — Cannot set gray non-stroke color because /'P61' is an invalid float value
2025-07-02 13:21:48,042 — WARNING — Cannot set gray non-stroke color because /'P65' is an invalid float value
2025-07-02 13:21:48,042 — WARNING — Cannot set gray non-stroke color because /'P69' is an invalid float value
2025-07-02 13:21:48,045 — WARNING — Cannot set gray non-stroke color because /'P75' is an invalid float value
2025-07-02 13:21:48,046 — WARNING — Cannot set gray non-stroke color because /'P79' is an invalid float value
2025-07-02 13:21:48,047 — WARNING — Cannot set gray non-stroke color because /'P83' is an invalid float value
2025-07-02 13:21:48,048 — WARNING — Cannot set gray non-stroke color because /'P87' is an invalid float value
2025-07-02 13:21:48,049 — WARNING — Cannot set gray non-stroke color because /'P91' is an invalid float value
2025-07-02 13:21:52,739 — INFO — Saved: output2\Utkarsh30122022_parsed.txt
2025-07-02 13:24:41,240 — INFO — Saved: output2\ListofentitiesADCI_11072024_parsed.txt
2025-07-02 13:24:43,875 — INFO — Saved: output2\ListofnonbankADCat2EFFMC_11072024_parsed.txt
2025-07-02 13:24:46,578 — WARNING — Cannot set gray non-stroke color because /'P53' is an invalid float value
2025-07-02 13:24:46,579 — WARNING — Cannot set gray non-stroke color because /'P57' is an invalid float value
2025-07-02 13:24:46,580 — WARNING — Cannot set gray non-stroke color because /'P61' is an invalid float value
2025-07-02 13:24:46,580 — WARNING — Cannot set gray non-stroke color because /'P65' is an invalid float value
2025-07-02 13:24:46,580 — WARNING — Cannot set gray non-stroke color because /'P69' is an invalid float value
2025-07-02 13:24:46,583 — WARNING — Cannot set gray non-stroke color because /'P75' is an invalid float value
2025-07-02 13:24:46,583 — WARNING — Cannot set gray non-stroke color because /'P79' is an invalid float value
2025-07-02 13:24:46,584 — WARNING — Cannot set gray non-stroke color because /'P83' is an invalid float value
2025-07-02 13:24:46,584 — WARNING — Cannot set gray non-stroke color because /'P87' is an invalid float value
2025-07-02 13:24:46,585 — WARNING — Cannot set gray non-stroke color because /'P91' is an invalid float value
2025-07-02 13:24:50,647 — INFO — Saved: output2\Utkarsh30122022_parsed.txt
2025-07-02 14:10:00,338 — INFO — Saved: output2\ListofentitiesADCI_11072024_parsed.txt
2025-07-02 14:10:01,607 — INFO — Saved: output2\ListofnonbankADCat2EFFMC_11072024_parsed.txt
2025-07-02 14:10:03,680 — WARNING — Cannot set gray non-stroke color because /'P53' is an invalid float value
2025-07-02 14:10:03,681 — WARNING — Cannot set gray non-stroke color because /'P57' is an invalid float value
2025-07-02 14:10:03,681 — WARNING — Cannot set gray non-stroke color because /'P61' is an invalid float value
2025-07-02 14:10:03,681 — WARNING — Cannot set gray non-stroke color because /'P65' is an invalid float value
2025-07-02 14:10:03,682 — WARNING — Cannot set gray non-stroke color because /'P69' is an invalid float value
2025-07-02 14:10:03,683 — WARNING — Cannot set gray non-stroke color because /'P75' is an invalid float value
2025-07-02 14:10:03,683 — WARNING — Cannot set gray non-stroke color because /'P79' is an invalid float value
2025-07-02 14:10:03,684 — WARNING — Cannot set gray non-stroke color because /'P83' is an invalid float value
2025-07-02 14:10:03,684 — WARNING — Cannot set gray non-stroke color because /'P87' is an invalid float value
2025-07-02 14:10:03,684 — WARNING — Cannot set gray non-stroke color because /'P91' is an invalid float value
2025-07-02 14:10:05,773 — INFO — Saved: output2\Utkarsh30122022_parsed.txt
2025-07-02 14:34:18,800 — INFO — Saved: output2\ListofentitiesADCI_11072024_parsed.txt
2025-07-02 14:34:20,139 — INFO — Saved: output2\ListofnonbankADCat2EFFMC_11072024_parsed.txt
2025-07-02 14:34:21,630 — WARNING — Cannot set gray non-stroke color because /'P53' is an invalid float value
2025-07-02 14:34:21,630 — WARNING — Cannot set gray non-stroke color because /'P57' is an invalid float value
2025-07-02 14:34:21,631 — WARNING — Cannot set gray non-stroke color because /'P61' is an invalid float value
2025-07-02 14:34:21,631 — WARNING — Cannot set gray non-stroke color because /'P65' is an invalid float value
2025-07-02 14:34:21,631 — WARNING — Cannot set gray non-stroke color because /'P69' is an invalid float value
2025-07-02 14:34:21,633 — WARNING — Cannot set gray non-stroke color because /'P75' is an invalid float value
2025-07-02 14:34:21,633 — WARNING — Cannot set gray non-stroke color because /'P79' is an invalid float value
2025-07-02 14:34:21,634 — WARNING — Cannot set gray non-stroke color because /'P83' is an invalid float value
2025-07-02 14:34:21,634 — WARNING — Cannot set gray non-stroke color because /'P87' is an invalid float value
2025-07-02 14:34:21,635 — WARNING — Cannot set gray non-stroke color because /'P91' is an invalid float value
2025-07-02 14:34:23,715 — INFO — Saved: output2\Utkarsh30122022_parsed.txt
2025-07-02 14:35:00,475 — INFO — Saved: output2\ListofentitiesADCI_11072024_parsed.txt
2025-07-02 14:35:01,777 — INFO — Saved: output2\ListofnonbankADCat2EFFMC_11072024_parsed.txt
2025-07-02 14:35:03,207 — WARNING — Cannot set gray non-stroke color because /'P53' is an invalid float value
2025-07-02 14:35:03,207 — WARNING — Cannot set gray non-stroke color because /'P57' is an invalid float value
2025-07-02 14:35:03,208 — WARNING — Cannot set gray non-stroke color because /'P61' is an invalid float value
2025-07-02 14:35:03,208 — WARNING — Cannot set gray non-stroke color because /'P65' is an invalid float value
2025-07-02 14:35:03,208 — WARNING — Cannot set gray non-stroke color because /'P69' is an invalid float value
2025-07-02 14:35:03,210 — WARNING — Cannot set gray non-stroke color because /'P75' is an invalid float value
2025-07-02 14:35:03,210 — WARNING — Cannot set gray non-stroke color because /'P79' is an invalid float value
2025-07-02 14:35:03,211 — WARNING — Cannot set gray non-stroke color because /'P83' is an invalid float value
2025-07-02 14:35:03,211 — WARNING — Cannot set gray non-stroke color because /'P87' is an invalid float value
2025-07-02 14:35:03,211 — WARNING — Cannot set gray non-stroke color because /'P91' is an invalid float value
2025-07-02 14:35:05,272 — INFO — Saved: output2\Utkarsh30122022_parsed.txt
2025-07-02 14:37:13,201 — INFO — Saved: output2\ListofentitiesADCI_11072024_parsed.txt
2025-07-02 14:37:14,548 — INFO — Saved: output2\ListofnonbankADCat2EFFMC_11072024_parsed.txt
2025-07-02 14:37:16,152 — WARNING — Cannot set gray non-stroke color because /'P53' is an invalid float value
2025-07-02 14:37:16,152 — WARNING — Cannot set gray non-stroke color because /'P57' is an invalid float value
2025-07-02 14:37:16,153 — WARNING — Cannot set gray non-stroke color because /'P61' is an invalid float value
2025-07-02 14:37:16,153 — WARNING — Cannot set gray non-stroke color because /'P65' is an invalid float value
2025-07-02 14:37:16,153 — WARNING — Cannot set gray non-stroke color because /'P69' is an invalid float value
2025-07-02 14:37:16,154 — WARNING — Cannot set gray non-stroke color because /'P75' is an invalid float value
2025-07-02 14:37:16,155 — WARNING — Cannot set gray non-stroke color because /'P79' is an invalid float value
2025-07-02 14:37:16,155 — WARNING — Cannot set gray non-stroke color because /'P83' is an invalid float value
2025-07-02 14:37:16,156 — WARNING — Cannot set gray non-stroke color because /'P87' is an invalid float value
2025-07-02 14:37:16,156 — WARNING — Cannot set gray non-stroke color because /'P91' is an invalid float value
2025-07-02 14:37:18,300 — INFO — Saved: output2\Utkarsh30122022_parsed.txt
2025-07-02 14:44:15,054 — INFO — Saved: output2\ListofentitiesADCI_11072024_parsed.txt
2025-07-02 14:44:16,317 — INFO — Saved: output2\ListofnonbankADCat2EFFMC_11072024_parsed.txt
2025-07-02 14:44:17,943 — WARNING — Cannot set gray non-stroke color because /'P53' is an invalid float value
2025-07-02 14:44:17,944 — WARNING — Cannot set gray non-stroke color because /'P57' is an invalid float value
2025-07-02 14:44:17,944 — WARNING — Cannot set gray non-stroke color because /'P61' is an invalid float value
2025-07-02 14:44:17,945 — WARNING — Cannot set gray non-stroke color because /'P65' is an invalid float value
2025-07-02 14:44:17,945 — WARNING — Cannot set gray non-stroke color because /'P69' is an invalid float value
2025-07-02 14:44:17,946 — WARNING — Cannot set gray non-stroke color because /'P75' is an invalid float value
2025-07-02 14:44:17,946 — WARNING — Cannot set gray non-stroke color because /'P79' is an invalid float value
2025-07-02 14:44:17,947 — WARNING — Cannot set gray non-stroke color because /'P83' is an invalid float value
2025-07-02 14:44:17,947 — WARNING — Cannot set gray non-stroke color because /'P87' is an invalid float value
2025-07-02 14:44:17,948 — WARNING — Cannot set gray non-stroke color because /'P91' is an invalid float value
2025-07-02 14:44:20,071 — INFO — Saved: output2\Utkarsh30122022_parsed.txt
2025-07-02 14:50:49,997 — INFO — Saved: output2\ListofentitiesADCI_11072024_parsed.txt
2025-07-02 14:50:51,264 — INFO — Saved: output2\ListofnonbankADCat2EFFMC_11072024_parsed.txt
2025-07-02 14:50:52,910 — WARNING — Cannot set gray non-stroke color because /'P53' is an invalid float value
2025-07-02 14:50:52,911 — WARNING — Cannot set gray non-stroke color because /'P57' is an invalid float value
2025-07-02 14:50:52,912 — WARNING — Cannot set gray non-stroke color because /'P61' is an invalid float value
2025-07-02 14:50:52,912 — WARNING — Cannot set gray non-stroke color because /'P65' is an invalid float value
2025-07-02 14:50:52,912 — WARNING — Cannot set gray non-stroke color because /'P69' is an invalid float value
2025-07-02 14:50:52,913 — WARNING — Cannot set gray non-stroke color because /'P75' is an invalid float value
2025-07-02 14:50:52,914 — WARNING — Cannot set gray non-stroke color because /'P79' is an invalid float value
2025-07-02 14:50:52,914 — WARNING — Cannot set gray non-stroke color because /'P83' is an invalid float value
2025-07-02 14:50:52,915 — WARNING — Cannot set gray non-stroke color because /'P87' is an invalid float value
2025-07-02 14:50:52,915 — WARNING — Cannot set gray non-stroke color because /'P91' is an invalid float value
2025-07-02 14:50:55,034 — INFO — Saved: output2\Utkarsh30122022_parsed.txt
2025-07-02 15:08:45,387 — INFO — Saved: output2\ListofentitiesADCI_11072024_parsed.txt
2025-07-02 15:08:48,209 — INFO — Saved: output2\ListofnonbankADCat2EFFMC_11072024_parsed.txt
2025-07-02 15:08:50,948 — WARNING — Cannot set gray non-stroke color because /'P53' is an invalid float value
2025-07-02 15:08:50,948 — WARNING — Cannot set gray non-stroke color because /'P57' is an invalid float value
2025-07-02 15:08:50,949 — WARNING — Cannot set gray non-stroke color because /'P61' is an invalid float value
2025-07-02 15:08:50,949 — WARNING — Cannot set gray non-stroke color because /'P65' is an invalid float value
2025-07-02 15:08:50,950 — WARNING — Cannot set gray non-stroke color because /'P69' is an invalid float value
2025-07-02 15:08:50,952 — WARNING — Cannot set gray non-stroke color because /'P75' is an invalid float value
2025-07-02 15:08:50,952 — WARNING — Cannot set gray non-stroke color because /'P79' is an invalid float value
2025-07-02 15:08:50,953 — WARNING — Cannot set gray non-stroke color because /'P83' is an invalid float value
2025-07-02 15:08:50,954 — WARNING — Cannot set gray non-stroke color because /'P87' is an invalid float value
2025-07-02 15:08:50,954 — WARNING — Cannot set gray non-stroke color because /'P91' is an invalid float value
2025-07-02 15:08:57,004 — INFO — Saved: output2\Utkarsh30122022_parsed.txt
2025-07-02 15:17:55,932 — INFO — Saved: output2\ListofentitiesADCI_11072024_parsed.txt
2025-07-02 15:17:57,916 — INFO — Saved: output2\ListofnonbankADCat2EFFMC_11072024_parsed.txt
2025-07-02 15:18:00,871 — WARNING — Cannot set gray non-stroke color because /'P53' is an invalid float value
2025-07-02 15:18:00,872 — WARNING — Cannot set gray non-stroke color because /'P57' is an invalid float value
2025-07-02 15:18:00,873 — WARNING — Cannot set gray non-stroke color because /'P61' is an invalid float value
2025-07-02 15:18:00,874 — WARNING — Cannot set gray non-stroke color because /'P65' is an invalid float value
2025-07-02 15:18:00,874 — WARNING — Cannot set gray non-stroke color because /'P69' is an invalid float value
2025-07-02 15:18:00,877 — WARNING — Cannot set gray non-stroke color because /'P75' is an invalid float value
2025-07-02 15:18:00,878 — WARNING — Cannot set gray non-stroke color because /'P79' is an invalid float value
2025-07-02 15:18:00,879 — WARNING — Cannot set gray non-stroke color because /'P83' is an invalid float value
2025-07-02 15:18:00,880 — WARNING — Cannot set gray non-stroke color because /'P87' is an invalid float value
2025-07-02 15:18:00,881 — WARNING — Cannot set gray non-stroke color because /'P91' is an invalid float value
2025-07-02 15:18:05,352 — INFO — Saved: output2\Utkarsh30122022_parsed.txt
2025-07-02 16:32:51,514 — INFO — Saved: output2\ListofentitiesADCI_11072024_parsed.txt
2025-07-02 16:32:53,627 — INFO — Saved: output2\ListofnonbankADCat2EFFMC_11072024_parsed.txt
2025-07-02 16:32:56,722 — WARNING — Cannot set gray non-stroke color because /'P53' is an invalid float value
2025-07-02 16:32:56,723 — WARNING — Cannot set gray non-stroke color because /'P57' is an invalid float value
2025-07-02 16:32:56,724 — WARNING — Cannot set gray non-stroke color because /'P61' is an invalid float value
2025-07-02 16:32:56,725 — WARNING — Cannot set gray non-stroke color because /'P65' is an invalid float value
2025-07-02 16:32:56,725 — WARNING — Cannot set gray non-stroke color because /'P69' is an invalid float value
2025-07-02 16:32:56,728 — WARNING — Cannot set gray non-stroke color because /'P75' is an invalid float value
2025-07-02 16:32:56,729 — WARNING — Cannot set gray non-stroke color because /'P79' is an invalid float value
2025-07-02 16:32:56,732 — WARNING — Cannot set gray non-stroke color because /'P83' is an invalid float value
2025-07-02 16:32:56,733 — WARNING — Cannot set gray non-stroke color because /'P87' is an invalid float value
2025-07-02 16:32:56,733 — WARNING — Cannot set gray non-stroke color because /'P91' is an invalid float value
2025-07-02 16:33:02,033 — INFO — Saved: output2\Utkarsh30122022_parsed.txt
2025-07-02 16:52:44,515 — INFO — Saved: output2\ListofentitiesADCI_11072024_parsed.txt
2025-07-02 16:52:45,713 — INFO — Saved: output2\ListofnonbankADCat2EFFMC_11072024_parsed.txt
2025-07-02 16:52:47,710 — WARNING — Cannot set gray non-stroke color because /'P53' is an invalid float value
2025-07-02 16:52:47,710 — WARNING — Cannot set gray non-stroke color because /'P57' is an invalid float value
2025-07-02 16:52:47,710 — WARNING — Cannot set gray non-stroke color because /'P61' is an invalid float value
2025-07-02 16:52:47,711 — WARNING — Cannot set gray non-stroke color because /'P65' is an invalid float value
2025-07-02 16:52:47,711 — WARNING — Cannot set gray non-stroke color because /'P69' is an invalid float value
2025-07-02 16:52:47,712 — WARNING — Cannot set gray non-stroke color because /'P75' is an invalid float value
2025-07-02 16:52:47,713 — WARNING — Cannot set gray non-stroke color because /'P79' is an invalid float value
2025-07-02 16:52:47,713 — WARNING — Cannot set gray non-stroke color because /'P83' is an invalid float value
2025-07-02 16:52:47,714 — WARNING — Cannot set gray non-stroke color because /'P87' is an invalid float value
2025-07-02 16:52:47,714 — WARNING — Cannot set gray non-stroke color because /'P91' is an invalid float value
2025-07-02 16:52:49,754 — INFO — Saved: output2\Utkarsh30122022_parsed.txt
2025-07-02 17:30:40,957 — INFO — Saved: output2\ListofentitiesADCI_11072024_parsed.txt
2025-07-02 17:30:42,795 — INFO — Saved: output2\ListofnonbankADCat2EFFMC_11072024_parsed.txt
2025-07-02 17:30:45,608 — WARNING — Cannot set gray non-stroke color because /'P53' is an invalid float value
2025-07-02 17:30:45,610 — WARNING — Cannot set gray non-stroke color because /'P57' is an invalid float value
2025-07-02 17:30:45,611 — WARNING — Cannot set gray non-stroke color because /'P61' is an invalid float value
2025-07-02 17:30:45,612 — WARNING — Cannot set gray non-stroke color because /'P65' is an invalid float value
2025-07-02 17:30:45,613 — WARNING — Cannot set gray non-stroke color because /'P69' is an invalid float value
2025-07-02 17:30:45,616 — WARNING — Cannot set gray non-stroke color because /'P75' is an invalid float value
2025-07-02 17:30:45,616 — WARNING — Cannot set gray non-stroke color because /'P79' is an invalid float value
2025-07-02 17:30:45,618 — WARNING — Cannot set gray non-stroke color because /'P83' is an invalid float value
2025-07-02 17:30:45,618 — WARNING — Cannot set gray non-stroke color because /'P87' is an invalid float value
2025-07-02 17:30:45,619 — WARNING — Cannot set gray non-stroke color because /'P91' is an invalid float value
2025-07-02 17:30:49,206 — INFO — Saved: output2\Utkarsh30122022_parsed.txt
2025-07-02 17:36:24,850 — INFO — Saved: output2\ListofentitiesADCI_11072024_parsed.txt
2025-07-02 17:36:26,898 — INFO — Saved: output2\ListofnonbankADCat2EFFMC_11072024_parsed.txt
2025-07-02 17:36:29,521 — WARNING — Cannot set gray non-stroke color because /'P53' is an invalid float value
2025-07-02 17:36:29,521 — WARNING — Cannot set gray non-stroke color because /'P57' is an invalid float value
2025-07-02 17:36:29,522 — WARNING — Cannot set gray non-stroke color because /'P61' is an invalid float value
2025-07-02 17:36:29,522 — WARNING — Cannot set gray non-stroke color because /'P65' is an invalid float value
2025-07-02 17:36:29,522 — WARNING — Cannot set gray non-stroke color because /'P69' is an invalid float value
2025-07-02 17:36:29,524 — WARNING — Cannot set gray non-stroke color because /'P75' is an invalid float value
2025-07-02 17:36:29,525 — WARNING — Cannot set gray non-stroke color because /'P79' is an invalid float value
2025-07-02 17:36:29,525 — WARNING — Cannot set gray non-stroke color because /'P83' is an invalid float value
2025-07-02 17:36:29,526 — WARNING — Cannot set gray non-stroke color because /'P87' is an invalid float value
2025-07-02 17:36:29,526 — WARNING — Cannot set gray non-stroke color because /'P91' is an invalid float value
2025-07-02 17:36:32,626 — INFO — Saved: output2\Utkarsh30122022_parsed.txt
2025-07-02 17:40:45,003 — INFO — Saved: output2\ListofentitiesADCI_11072024_parsed.txt
2025-07-02 17:40:47,349 — INFO — Saved: output2\ListofnonbankADCat2EFFMC_11072024_parsed.txt
2025-07-02 17:40:50,690 — WARNING — Cannot set gray non-stroke color because /'P53' is an invalid float value
2025-07-02 17:40:50,690 — WARNING — Cannot set gray non-stroke color because /'P57' is an invalid float value
2025-07-02 17:40:50,691 — WARNING — Cannot set gray non-stroke color because /'P61' is an invalid float value
2025-07-02 17:40:50,691 — WARNING — Cannot set gray non-stroke color because /'P65' is an invalid float value
2025-07-02 17:40:50,692 — WARNING — Cannot set gray non-stroke color because /'P69' is an invalid float value
2025-07-02 17:40:50,694 — WARNING — Cannot set gray non-stroke color because /'P75' is an invalid float value
2025-07-02 17:40:50,694 — WARNING — Cannot set gray non-stroke color because /'P79' is an invalid float value
2025-07-02 17:40:50,695 — WARNING — Cannot set gray non-stroke color because /'P83' is an invalid float value
2025-07-02 17:40:50,696 — WARNING — Cannot set gray non-stroke color because /'P87' is an invalid float value
2025-07-02 17:40:50,697 — WARNING — Cannot set gray non-stroke color because /'P91' is an invalid float value
2025-07-02 17:40:55,768 — INFO — Saved: output2\Utkarsh30122022_parsed.txt
2025-07-02 17:44:44,789 — INFO — Saved: output2\ListofentitiesADCI_11072024_parsed.txt
2025-07-02 17:44:46,630 — INFO — Saved: output2\ListofnonbankADCat2EFFMC_11072024_parsed.txt
2025-07-02 17:44:49,629 — WARNING — Cannot set gray non-stroke color because /'P53' is an invalid float value
2025-07-02 17:44:49,629 — WARNING — Cannot set gray non-stroke color because /'P57' is an invalid float value
2025-07-02 17:44:49,630 — WARNING — Cannot set gray non-stroke color because /'P61' is an invalid float value
2025-07-02 17:44:49,630 — WARNING — Cannot set gray non-stroke color because /'P65' is an invalid float value
2025-07-02 17:44:49,630 — WARNING — Cannot set gray non-stroke color because /'P69' is an invalid float value
2025-07-02 17:44:49,632 — WARNING — Cannot set gray non-stroke color because /'P75' is an invalid float value
2025-07-02 17:44:49,632 — WARNING — Cannot set gray non-stroke color because /'P79' is an invalid float value
2025-07-02 17:44:49,633 — WARNING — Cannot set gray non-stroke color because /'P83' is an invalid float value
2025-07-02 17:44:49,633 — WARNING — Cannot set gray non-stroke color because /'P87' is an invalid float value
2025-07-02 17:44:49,633 — WARNING — Cannot set gray non-stroke color because /'P91' is an invalid float value
2025-07-02 17:44:53,919 — INFO — Saved: output2\Utkarsh30122022_parsed.txt
2025-07-03 10:56:31,749 — INFO — Saved: output2\ListofentitiesADCI_11072024_parsed.txt
2025-07-03 10:56:33,153 — INFO — Saved: output2\ListofnonbankADCat2EFFMC_11072024_parsed.txt
2025-07-03 10:56:35,453 — WARNING — Cannot set gray non-stroke color because /'P53' is an invalid float value
2025-07-03 10:56:35,453 — WARNING — Cannot set gray non-stroke color because /'P57' is an invalid float value
2025-07-03 10:56:35,454 — WARNING — Cannot set gray non-stroke color because /'P61' is an invalid float value
2025-07-03 10:56:35,454 — WARNING — Cannot set gray non-stroke color because /'P65' is an invalid float value
2025-07-03 10:56:35,454 — WARNING — Cannot set gray non-stroke color because /'P69' is an invalid float value
2025-07-03 10:56:35,456 — WARNING — Cannot set gray non-stroke color because /'P75' is an invalid float value
2025-07-03 10:56:35,456 — WARNING — Cannot set gray non-stroke color because /'P79' is an invalid float value
2025-07-03 10:56:35,457 — WARNING — Cannot set gray non-stroke color because /'P83' is an invalid float value
2025-07-03 10:56:35,457 — WARNING — Cannot set gray non-stroke color because /'P87' is an invalid float value
2025-07-03 10:56:35,458 — WARNING — Cannot set gray non-stroke color because /'P91' is an invalid float value
2025-07-03 10:56:37,906 — INFO — Saved: output2\Utkarsh30122022_parsed.txt
2025-07-03 12:25:48,512 — INFO — Saved: output2\ListofentitiesADCI_11072024_parsed.txt
2025-07-03 12:25:49,709 — INFO — Saved: output2\ListofnonbankADCat2EFFMC_11072024_parsed.txt
2025-07-03 12:25:51,272 — WARNING — Cannot set gray non-stroke color because /'P53' is an invalid float value
2025-07-03 12:25:51,273 — WARNING — Cannot set gray non-stroke color because /'P57' is an invalid float value
2025-07-03 12:25:51,273 — WARNING — Cannot set gray non-stroke color because /'P61' is an invalid float value
2025-07-03 12:25:51,273 — WARNING — Cannot set gray non-stroke color because /'P65' is an invalid float value
2025-07-03 12:25:51,274 — WARNING — Cannot set gray non-stroke color because /'P69' is an invalid float value
2025-07-03 12:25:51,275 — WARNING — Cannot set gray non-stroke color because /'P75' is an invalid float value
2025-07-03 12:25:51,275 — WARNING — Cannot set gray non-stroke color because /'P79' is an invalid float value
2025-07-03 12:25:51,276 — WARNING — Cannot set gray non-stroke color because /'P83' is an invalid float value
2025-07-03 12:25:51,276 — WARNING — Cannot set gray non-stroke color because /'P87' is an invalid float value
2025-07-03 12:25:51,276 — WARNING — Cannot set gray non-stroke color because /'P91' is an invalid float value
2025-07-03 12:25:53,363 — INFO — Saved: output2\Utkarsh30122022_parsed.txt
2025-07-04 12:41:47,641 — INFO — Saved: output2\ListofentitiesADCI_11072024_parsed.txt
2025-07-04 12:41:48,992 — INFO — Saved: output2\ListofnonbankADCat2EFFMC_11072024_parsed.txt
2025-07-04 12:41:52,351 — WARNING — Cannot set gray non-stroke color because /'P53' is an invalid float value
2025-07-04 12:41:52,352 — WARNING — Cannot set gray non-stroke color because /'P57' is an invalid float value
2025-07-04 12:41:52,352 — WARNING — Cannot set gray non-stroke color because /'P61' is an invalid float value
2025-07-04 12:41:52,352 — WARNING — Cannot set gray non-stroke color because /'P65' is an invalid float value
2025-07-04 12:41:52,352 — WARNING — Cannot set gray non-stroke color because /'P69' is an invalid float value
2025-07-04 12:41:52,354 — WARNING — Cannot set gray non-stroke color because /'P75' is an invalid float value
2025-07-04 12:41:52,354 — WARNING — Cannot set gray non-stroke color because /'P79' is an invalid float value
2025-07-04 12:41:52,356 — WARNING — Cannot set gray non-stroke color because /'P83' is an invalid float value
2025-07-04 12:41:52,357 — WARNING — Cannot set gray non-stroke color because /'P87' is an invalid float value
2025-07-04 12:41:52,357 — WARNING — Cannot set gray non-stroke color because /'P91' is an invalid float value
2025-07-04 12:41:54,787 — INFO — Saved: output2\Utkarsh30122022_parsed.txt
2025-07-04 16:15:24,577 — INFO — Saved: output2\ListofentitiesADCI_11072024_parsed.txt
2025-07-04 16:15:25,951 — INFO — Saved: output2\ListofnonbankADCat2EFFMC_11072024_parsed.txt
2025-07-04 16:15:29,557 — WARNING — Cannot set gray non-stroke color because /'P53' is an invalid float value
2025-07-04 16:15:29,558 — WARNING — Cannot set gray non-stroke color because /'P57' is an invalid float value
2025-07-04 16:15:29,558 — WARNING — Cannot set gray non-stroke color because /'P61' is an invalid float value
2025-07-04 16:15:29,559 — WARNING — Cannot set gray non-stroke color because /'P65' is an invalid float value
2025-07-04 16:15:29,559 — WARNING — Cannot set gray non-stroke color because /'P69' is an invalid float value
2025-07-04 16:15:29,562 — WARNING — Cannot set gray non-stroke color because /'P75' is an invalid float value
2025-07-04 16:15:29,562 — WARNING — Cannot set gray non-stroke color because /'P79' is an invalid float value
2025-07-04 16:15:29,563 — WARNING — Cannot set gray non-stroke color because /'P83' is an invalid float value
2025-07-04 16:15:29,564 — WARNING — Cannot set gray non-stroke color because /'P87' is an invalid float value
2025-07-04 16:15:29,564 — WARNING — Cannot set gray non-stroke color because /'P91' is an invalid float value
2025-07-04 16:15:32,977 — INFO — Saved: output2\Utkarsh30122022_parsed.txt
2025-07-04 16:39:03,376 — INFO — Saved: output2\ListofentitiesADCI_11072024_parsed.txt
2025-07-04 16:39:05,066 — INFO — Saved: output2\ListofnonbankADCat2EFFMC_11072024_parsed.txt
2025-07-04 16:39:08,266 — WARNING — Cannot set gray non-stroke color because /'P53' is an invalid float value
2025-07-04 16:39:08,266 — WARNING — Cannot set gray non-stroke color because /'P57' is an invalid float value
2025-07-04 16:39:08,267 — WARNING — Cannot set gray non-stroke color because /'P61' is an invalid float value
2025-07-04 16:39:08,267 — WARNING — Cannot set gray non-stroke color because /'P65' is an invalid float value
2025-07-04 16:39:08,267 — WARNING — Cannot set gray non-stroke color because /'P69' is an invalid float value
2025-07-04 16:39:08,269 — WARNING — Cannot set gray non-stroke color because /'P75' is an invalid float value
2025-07-04 16:39:08,269 — WARNING — Cannot set gray non-stroke color because /'P79' is an invalid float value
2025-07-04 16:39:08,270 — WARNING — Cannot set gray non-stroke color because /'P83' is an invalid float value
2025-07-04 16:39:08,270 — WARNING — Cannot set gray non-stroke color because /'P87' is an invalid float value
2025-07-04 16:39:08,270 — WARNING — Cannot set gray non-stroke color because /'P91' is an invalid float value
2025-07-04 16:39:11,145 — INFO — Saved: output2\Utkarsh30122022_parsed.txt
2025-07-07 14:54:16,826 — INFO — Saved: output2\ListofentitiesADCI_11072024_parsed.txt
2025-07-07 14:54:18,000 — INFO — Saved: output2\ListofnonbankADCat2EFFMC_11072024_parsed.txt
2025-07-07 14:54:20,770 — WARNING — Cannot set gray non-stroke color because /'P53' is an invalid float value
2025-07-07 14:54:20,770 — WARNING — Cannot set gray non-stroke color because /'P57' is an invalid float value
2025-07-07 14:54:20,771 — WARNING — Cannot set gray non-stroke color because /'P61' is an invalid float value
2025-07-07 14:54:20,771 — WARNING — Cannot set gray non-stroke color because /'P65' is an invalid float value
2025-07-07 14:54:20,771 — WARNING — Cannot set gray non-stroke color because /'P69' is an invalid float value
2025-07-07 14:54:20,773 — WARNING — Cannot set gray non-stroke color because /'P75' is an invalid float value
2025-07-07 14:54:20,773 — WARNING — Cannot set gray non-stroke color because /'P79' is an invalid float value
2025-07-07 14:54:20,774 — WARNING — Cannot set gray non-stroke color because /'P83' is an invalid float value
2025-07-07 14:54:20,774 — WARNING — Cannot set gray non-stroke color because /'P87' is an invalid float value
2025-07-07 14:54:20,774 — WARNING — Cannot set gray non-stroke color because /'P91' is an invalid float value
2025-07-07 14:54:22,869 — INFO — Saved: output2\Utkarsh30122022_parsed.txt
2025-07-07 16:30:15,428 — INFO — Saved: output2\ListofentitiesADCI_11072024_parsed.txt
2025-07-07 16:30:16,661 — INFO — Saved: output2\ListofnonbankADCat2EFFMC_11072024_parsed.txt
2025-07-07 16:30:18,923 — WARNING — Cannot set gray non-stroke color because /'P53' is an invalid float value
2025-07-07 16:30:18,924 — WARNING — Cannot set gray non-stroke color because /'P57' is an invalid float value
2025-07-07 16:30:18,924 — WARNING — Cannot set gray non-stroke color because /'P61' is an invalid float value
2025-07-07 16:30:18,925 — WARNING — Cannot set gray non-stroke color because /'P65' is an invalid float value
2025-07-07 16:30:18,925 — WARNING — Cannot set gray non-stroke color because /'P69' is an invalid float value
2025-07-07 16:30:18,926 — WARNING — Cannot set gray non-stroke color because /'P75' is an invalid float value
2025-07-07 16:30:18,926 — WARNING — Cannot set gray non-stroke color because /'P79' is an invalid float value
2025-07-07 16:30:18,927 — WARNING — Cannot set gray non-stroke color because /'P83' is an invalid float value
2025-07-07 16:30:18,927 — WARNING — Cannot set gray non-stroke color because /'P87' is an invalid float value
2025-07-07 16:30:18,928 — WARNING — Cannot set gray non-stroke color because /'P91' is an invalid float value
2025-07-07 16:30:20,981 — INFO — Saved: output2\Utkarsh30122022_parsed.txt
2025-07-08 14:49:02,622 — INFO — Saved: output2\ListofentitiesADCI_11072024_parsed.txt
2025-07-08 14:49:04,686 — INFO — Saved: output2\ListofnonbankADCat2EFFMC_11072024_parsed.txt
2025-07-08 14:49:12,112 — WARNING — Cannot set gray non-stroke color because /'P53' is an invalid float value
2025-07-08 14:49:12,114 — WARNING — Cannot set gray non-stroke color because /'P57' is an invalid float value
2025-07-08 14:49:12,117 — WARNING — Cannot set gray non-stroke color because /'P61' is an invalid float value
2025-07-08 14:49:12,118 — WARNING — Cannot set gray non-stroke color because /'P65' is an invalid float value
2025-07-08 14:49:12,120 — WARNING — Cannot set gray non-stroke color because /'P69' is an invalid float value
2025-07-08 14:49:12,130 — WARNING — Cannot set gray non-stroke color because /'P75' is an invalid float value
2025-07-08 14:49:12,131 — WARNING — Cannot set gray non-stroke color because /'P79' is an invalid float value
2025-07-08 14:49:12,134 — WARNING — Cannot set gray non-stroke color because /'P83' is an invalid float value
2025-07-08 14:49:12,136 — WARNING — Cannot set gray non-stroke color because /'P87' is an invalid float value
2025-07-08 14:49:12,139 — WARNING — Cannot set gray non-stroke color because /'P91' is an invalid float value
2025-07-08 14:49:19,311 — INFO — Saved: output2\Utkarsh30122022_parsed.txt
2025-07-09 10:34:30,963 — INFO — Saved: output2\ListofentitiesADCI_11072024_parsed.txt
2025-07-09 10:34:37,902 — INFO — Saved: output2\ListofnonbankADCat2EFFMC_11072024_parsed.txt
2025-07-09 10:34:46,317 — WARNING — Cannot set gray non-stroke color because /'P53' is an invalid float value
2025-07-09 10:34:46,320 — WARNING — Cannot set gray non-stroke color because /'P57' is an invalid float value
2025-07-09 10:34:46,322 — WARNING — Cannot set gray non-stroke color because /'P61' is an invalid float value
2025-07-09 10:34:46,323 — WARNING — Cannot set gray non-stroke color because /'P65' is an invalid float value
2025-07-09 10:34:46,325 — WARNING — Cannot set gray non-stroke color because /'P69' is an invalid float value
2025-07-09 10:34:46,333 — WARNING — Cannot set gray non-stroke color because /'P75' is an invalid float value
2025-07-09 10:34:46,335 — WARNING — Cannot set gray non-stroke color because /'P79' is an invalid float value
2025-07-09 10:34:46,338 — WARNING — Cannot set gray non-stroke color because /'P83' is an invalid float value
2025-07-09 10:34:46,340 — WARNING — Cannot set gray non-stroke color because /'P87' is an invalid float value
2025-07-09 10:34:46,341 — WARNING — Cannot set gray non-stroke color because /'P91' is an invalid float value
2025-07-09 10:34:53,329 — INFO — Saved: output2\Utkarsh30122022_parsed.txt
2025-09-13 19:30:55,395 — INFO — Saved: output2\ListofentitiesADCI_11072024_parsed.txt
2025-09-13 19:30:57,810 — INFO — Saved: output2\ListofnonbankADCat2EFFMC_11072024_parsed.txt
2025-09-13 19:31:00,681 — WARNING — Cannot set gray non-stroke color because /'P53' is an invalid float value
2025-09-13 19:31:00,682 — WARNING — Cannot set gray non-stroke color because /'P57' is an invalid float value
2025-09-13 19:31:00,683 — WARNING — Cannot set gray non-stroke color because /'P61' is an invalid float value
2025-09-13 19:31:00,684 — WARNING — Cannot set gray non-stroke color because /'P65' is an invalid float value
2025-09-13 19:31:00,684 — WARNING — Cannot set gray non-stroke color because /'P69' is an invalid float value
2025-09-13 19:31:00,687 — WARNING — Cannot set gray non-stroke color because /'P75' is an invalid float value
2025-09-13 19:31:00,687 — WARNING — Cannot set gray non-stroke color because /'P79' is an invalid float value
2025-09-13 19:31:00,688 — WARNING — Cannot set gray non-stroke color because /'P83' is an invalid float value
2025-09-13 19:31:00,689 — WARNING — Cannot set gray non-stroke color because /'P87' is an invalid float value
2025-09-13 19:31:00,690 — WARNING — Cannot set gray non-stroke color because /'P91' is an invalid float value
2025-09-13 19:31:04,211 — INFO — Saved: output2\Utkarsh30122022_parsed.txt
